[debug] [2020-08-25T09:09:47.604Z] ----------------------------------------------------------------------
[debug] [2020-08-25T09:09:47.609Z] Command:       C:\Program Files\nodejs\node.exe C:\Users\user\AppData\Roaming\npm\node_modules\firebase-tools\lib\bin\firebase.js deploy
[debug] [2020-08-25T09:09:47.609Z] CLI Version:   8.7.0
[debug] [2020-08-25T09:09:47.610Z] Platform:      win32
[debug] [2020-08-25T09:09:47.610Z] Node Version:  v12.18.3
[debug] [2020-08-25T09:09:47.611Z] Time:          Tue Aug 25 2020 14:39:47 GMT+0530 (India Standard Time)
[debug] [2020-08-25T09:09:47.612Z] ----------------------------------------------------------------------
[debug] [2020-08-25T09:09:47.612Z] 
[debug] [2020-08-25T09:09:47.630Z] > command requires scopes: ["email","openid","https://www.googleapis.com/auth/cloudplatformprojects.readonly","https://www.googleapis.com/auth/firebase","https://www.googleapis.com/auth/cloud-platform"]
[debug] [2020-08-25T09:09:47.631Z] > authorizing via signed-in user
[debug] [2020-08-25T09:09:47.632Z] [iam] checking project git-user-b19a9 for permissions ["firebase.projects.get","firebasehosting.sites.update"]
[debug] [2020-08-25T09:09:47.638Z] >>> HTTP REQUEST POST https://cloudresourcemanager.googleapis.com/v1/projects/git-user-b19a9:testIamPermissions  
 {"permissions":["firebase.projects.get","firebasehosting.sites.update"]}
[debug] [2020-08-25T09:09:52.854Z] <<< HTTP RESPONSE 200 {"content-type":"application/json; charset=UTF-8","vary":"X-Origin, Referer, Origin,Accept-Encoding","date":"Tue, 25 Aug 2020 09:09:52 GMT","server":"ESF","cache-control":"private","x-xss-protection":"0","x-frame-options":"SAMEORIGIN","x-content-type-options":"nosniff","server-timing":"gfet4t7; dur=1135","alt-svc":"h3-29=\":443\"; ma=2592000,h3-27=\":443\"; ma=2592000,h3-T050=\":443\"; ma=2592000,h3-Q050=\":443\"; ma=2592000,h3-Q046=\":443\"; ma=2592000,h3-Q043=\":443\"; ma=2592000,quic=\":443\"; ma=2592000; v=\"46,43\"","accept-ranges":"none","transfer-encoding":"chunked"}
[debug] [2020-08-25T09:09:52.863Z] >>> HTTP REQUEST GET https://firebase.googleapis.com/v1beta1/projects/git-user-b19a9  
 
[debug] [2020-08-25T09:09:56.233Z] <<< HTTP RESPONSE 200 {"content-type":"application/json; charset=UTF-8","vary":"X-Origin, Referer, Origin,Accept-Encoding","date":"Tue, 25 Aug 2020 09:09:56 GMT","server":"ESF","cache-control":"private","x-xss-protection":"0","x-frame-options":"SAMEORIGIN","x-content-type-options":"nosniff","alt-svc":"h3-29=\":443\"; ma=2592000,h3-27=\":443\"; ma=2592000,h3-T050=\":443\"; ma=2592000,h3-Q050=\":443\"; ma=2592000,h3-Q046=\":443\"; ma=2592000,h3-Q043=\":443\"; ma=2592000,quic=\":443\"; ma=2592000; v=\"46,43\"","accept-ranges":"none","transfer-encoding":"chunked"}
[info] 
[info] === Deploying to 'git-user-b19a9'...
[info] 
[info] i  deploying hosting 
[debug] [2020-08-25T09:09:56.255Z] >>> HTTP REQUEST POST https://firebasehosting.googleapis.com/v1beta1/sites/git-user-b19a9/versions  
 {"config":{},"labels":{"deployment-tool":"cli-firebase"}}
[debug] [2020-08-25T09:10:00.218Z] <<< HTTP RESPONSE 200 {"content-type":"application/json; charset=UTF-8","vary":"X-Origin, Referer, Origin,Accept-Encoding","date":"Tue, 25 Aug 2020 09:10:00 GMT","server":"ESF","cache-control":"private","x-xss-protection":"0","x-frame-options":"SAMEORIGIN","x-content-type-options":"nosniff","alt-svc":"h3-29=\":443\"; ma=2592000,h3-27=\":443\"; ma=2592000,h3-T050=\":443\"; ma=2592000,h3-Q050=\":443\"; ma=2592000,h3-Q046=\":443\"; ma=2592000,h3-Q043=\":443\"; ma=2592000,quic=\":443\"; ma=2592000; v=\"46,43\"","accept-ranges":"none","transfer-encoding":"chunked"}
[info] i  hosting[git-user-b19a9]: beginning deploy... 
[info] i  hosting[git-user-b19a9]: found 36 files in dist\git-user 
[debug] [2020-08-25T09:10:00.281Z] [hosting] hash cache [ZGlzdFxnaXQtdXNlcg] stored for 36 files
[debug] [2020-08-25T09:10:00.282Z] [hosting][hash queue][FINAL] {"max":10,"min":1,"avg":1,"active":0,"complete":36,"success":36,"errored":0,"retried":0,"total":36,"elapsed":16}
[debug] [2020-08-25T09:10:00.283Z] >>> HTTP REQUEST POST https://firebasehosting.googleapis.com/v1beta1/sites/git-user-b19a9/versions/5a4b0d2c8ab84806:populateFiles  
 <request body omitted>
[debug] [2020-08-25T09:10:05.127Z] <<< HTTP RESPONSE 200 {"content-type":"application/json; charset=UTF-8","vary":"X-Origin, Referer, Origin,Accept-Encoding","date":"Tue, 25 Aug 2020 09:10:05 GMT","server":"ESF","cache-control":"private","x-xss-protection":"0","x-frame-options":"SAMEORIGIN","x-content-type-options":"nosniff","alt-svc":"h3-29=\":443\"; ma=2592000,h3-27=\":443\"; ma=2592000,h3-T050=\":443\"; ma=2592000,h3-Q050=\":443\"; ma=2592000,h3-Q046=\":443\"; ma=2592000,h3-Q043=\":443\"; ma=2592000,quic=\":443\"; ma=2592000; v=\"46,43\"","accept-ranges":"none","transfer-encoding":"chunked"}
[debug] [2020-08-25T09:10:05.139Z] [hosting][populate queue][FINAL] {"max":4852,"min":4852,"avg":4852,"active":0,"complete":1,"success":1,"errored":0,"retried":0,"total":1,"elapsed":4861}
[debug] [2020-08-25T09:10:05.139Z] [hosting] uploads queued: 1
[debug] [2020-08-25T09:10:22.267Z] [uploadQueue] Retrying task 4d8a1fc07cab13a9e3060566c2f3740f796a736cb04fb071c0c584680861c924
[debug] [2020-08-25T09:10:39.626Z] [uploadQueue] Retrying task 4d8a1fc07cab13a9e3060566c2f3740f796a736cb04fb071c0c584680861c924
